2026-05-15 16:18:03.289 INFO  [delivery-service] [background-preinit] o.h.validator.internal.util.Version - HV000001: Hibernate Validator 8.0.1.Final
2026-05-15 16:18:03.504 INFO  [delivery-service] [main] c.q.d.c.DeliveryControllerTest - Starting DeliveryControllerTest using Java 21.0.9 with PID 21848 (started by jhars in C:\quickbite\backend\delivery-service)
2026-05-15 16:18:03.507 INFO  [delivery-service] [main] c.q.d.c.DeliveryControllerTest - No active profile set, falling back to 1 default profile: "default"
2026-05-15 16:18:09.087 INFO  [delivery-service] [main] o.s.b.t.m.w.SpringBootMockServletContext - Initializing Spring TestDispatcherServlet ''
2026-05-15 16:18:09.087 INFO  [delivery-service] [main] o.s.t.w.s.TestDispatcherServlet - Initializing Servlet ''
2026-05-15 16:18:09.087 INFO  [delivery-service] [main] o.s.t.w.s.TestDispatcherServlet - Completed initialization in 0 ms
2026-05-15 16:18:09.154 INFO  [delivery-service] [main] c.q.d.c.DeliveryControllerTest - Started DeliveryControllerTest in 7.816 seconds (process running for 12.205)
2026-05-15 16:18:10.037 INFO  [delivery-service] [main] c.q.d.controller.DeliveryController - Delivery assignment publish request for orderReference=OD123
2026-05-15 16:18:10.071 INFO  [delivery-service] [main] c.q.d.controller.DeliveryController - Delivery agent registration request received for phone=9999988888
2026-05-15 16:18:10.137 INFO  [delivery-service] [main] c.q.d.r.DeliveryAgentRepository - Initialized delivery agent repository with no sample agents
2026-05-15 16:18:10.154 INFO  [delivery-service] [main] c.q.d.r.DeliveryAgentRepository - Creating delivery agent profile for phone=9999999995
2026-05-15 16:18:10.154 INFO  [delivery-service] [main] c.q.d.r.DeliveryAgentRepository - Creating assignment entry for orderReference=ORD-500 agentId=AGT1001
2026-05-15 16:18:10.154 INFO  [delivery-service] [main] c.q.d.r.DeliveryAgentRepository - Mark accepted in repository orderReference=ORD-500 agentId=AGT1001
2026-05-15 16:18:10.154 INFO  [delivery-service] [main] c.q.d.r.DeliveryAgentRepository - Mark picked-up in repository orderReference=ORD-500 agentId=AGT1001
2026-05-15 16:18:10.154 INFO  [delivery-service] [main] c.q.d.r.DeliveryAgentRepository - Mark delivered in repository orderReference=ORD-500 agentId=AGT1001
2026-05-15 16:18:10.154 INFO  [delivery-service] [main] c.q.d.r.DeliveryAgentRepository - Initialized delivery agent repository with no sample agents
2026-05-15 16:18:10.154 INFO  [delivery-service] [main] c.q.d.r.DeliveryAgentRepository - Creating delivery agent profile for phone=9999999992
2026-05-15 16:18:10.171 INFO  [delivery-service] [main] c.q.d.r.DeliveryAgentRepository - Initialized delivery agent repository with no sample agents
2026-05-15 16:18:10.188 INFO  [delivery-service] [main] c.q.d.r.DeliveryAgentRepository - Initialized delivery agent repository with no sample agents
2026-05-15 16:18:10.204 INFO  [delivery-service] [main] c.q.d.r.DeliveryAgentRepository - Creating delivery agent profile for phone=+91 99999 12345
2026-05-15 16:18:10.205 INFO  [delivery-service] [main] c.q.d.r.DeliveryAgentRepository - Initialized delivery agent repository with no sample agents
2026-05-15 16:18:10.205 INFO  [delivery-service] [main] c.q.d.r.DeliveryAgentRepository - Initialized delivery agent repository with no sample agents
2026-05-15 16:18:10.205 INFO  [delivery-service] [main] c.q.d.r.DeliveryAgentRepository - Creating delivery agent profile for phone=9999999991
2026-05-15 16:18:10.205 INFO  [delivery-service] [main] c.q.d.r.DeliveryAgentRepository - Initialized delivery agent repository with no sample agents
2026-05-15 16:18:10.205 INFO  [delivery-service] [main] c.q.d.r.DeliveryAgentRepository - Creating delivery agent profile for phone=9999999993
2026-05-15 16:18:10.222 INFO  [delivery-service] [main] c.q.d.r.DeliveryAgentRepository - Initialized delivery agent repository with no sample agents
2026-05-15 16:18:10.222 INFO  [delivery-service] [main] c.q.d.r.DeliveryAgentRepository - Creating delivery agent profile for phone=9999999994
2026-05-15 16:18:10.222 INFO  [delivery-service] [main] c.q.d.r.DeliveryAgentRepository - Creating assignment entry for orderReference=ORD-400 agentId=AGT1001
2026-05-15 16:18:10.222 INFO  [delivery-service] [main] c.q.d.r.DeliveryAgentRepository - Mark accepted in repository orderReference=ORD-400 agentId=AGT1001
2026-05-15 16:18:10.222 INFO  [delivery-service] [main] c.q.d.r.DeliveryAgentRepository - Mark picked-up in repository orderReference=ORD-400 agentId=AGT1001
2026-05-15 16:18:10.222 INFO  [delivery-service] [main] c.q.d.r.DeliveryAgentRepository - Mark delivered in repository orderReference=ORD-400 agentId=AGT1001
2026-05-15 16:18:10.222 INFO  [delivery-service] [main] c.q.d.r.DeliveryAgentRepository - Initialized delivery agent repository with no sample agents
2026-05-15 16:18:10.222 INFO  [delivery-service] [main] c.q.d.r.DeliveryAgentRepository - Creating delivery agent profile for phone=9999999990
2026-05-15 16:18:10.754 WARN  [delivery-service] [main] c.q.d.s.impl.DeliveryServiceImpl - Cannot resolve delivery agent profile because authenticated phone is blank
2026-05-15 16:18:10.771 INFO  [delivery-service] [main] c.q.d.s.impl.DeliveryServiceImpl - Publishing order for delivery assignment orderReference=OD123
2026-05-15 16:18:10.787 INFO  [delivery-service] [main] c.q.d.s.impl.DeliveryServiceImpl - Registering delivery agent for phone=  +91-9999988888  
2026-05-15 16:18:10.821 INFO  [delivery-service] [main] c.q.d.service.OrderEventConsumer - delivery-service consumed event=ORDER_CREATED orderReference=ORD-1 restaurant=R1
2026-05-15 16:18:10.825 ERROR [delivery-service] [main] c.q.d.service.OrderEventConsumer - delivery-service failed to process order event
java.lang.NullPointerException: Cannot invoke "com.quickbite.delivery.dto.event.OrderEvent.eventType()" because "event" is null
	at com.quickbite.delivery.service.OrderEventConsumer.consume(OrderEventConsumer.java:22)
	at com.quickbite.delivery.service.OrderEventConsumerTest.consume_shouldHandleNullEventWithoutThrowing(OrderEventConsumerTest.java:31)
	at java.base/jdk.internal.reflect.DirectMethodHandleAccessor.invoke(DirectMethodHandleAccessor.java:103)
	at java.base/java.lang.reflect.Method.invoke(Method.java:580)
	at org.junit.platform.commons.util.ReflectionUtils.invokeMethod(ReflectionUtils.java:728)
	at org.junit.jupiter.engine.execution.MethodInvocation.proceed(MethodInvocation.java:60)
	at org.junit.jupiter.engine.execution.InvocationInterceptorChain$ValidatingInvocation.proceed(InvocationInterceptorChain.java:131)
	at org.junit.jupiter.engine.extension.TimeoutExtension.intercept(TimeoutExtension.java:156)
	at org.junit.jupiter.engine.extension.TimeoutExtension.interceptTestableMethod(TimeoutExtension.java:147)
	at org.junit.jupiter.engine.extension.TimeoutExtension.interceptTestMethod(TimeoutExtension.java:86)
	at org.junit.jupiter.engine.execution.InterceptingExecutableInvoker$ReflectiveInterceptorCall.lambda$ofVoidMethod$0(InterceptingExecutableInvoker.java:103)
	at org.junit.jupiter.engine.execution.InterceptingExecutableInvoker.lambda$invoke$0(InterceptingExecutableInvoker.java:93)
	at org.junit.jupiter.engine.execution.InvocationInterceptorChain$InterceptedInvocation.proceed(InvocationInterceptorChain.java:106)
	at org.junit.jupiter.engine.execution.InvocationInterceptorChain.proceed(InvocationInterceptorChain.java:64)
	at org.junit.jupiter.engine.execution.InvocationInterceptorChain.chainAndInvoke(InvocationInterceptorChain.java:45)
	at org.junit.jupiter.engine.execution.InvocationInterceptorChain.invoke(InvocationInterceptorChain.java:37)
	at org.junit.jupiter.engine.execution.InterceptingExecutableInvoker.invoke(InterceptingExecutableInvoker.java:92)
	at org.junit.jupiter.engine.execution.InterceptingExecutableInvoker.invoke(InterceptingExecutableInvoker.java:86)
	at org.junit.jupiter.engine.descriptor.TestMethodTestDescriptor.lambda$invokeTestMethod$7(TestMethodTestDescriptor.java:218)
	at org.junit.platform.engine.support.hierarchical.ThrowableCollector.execute(ThrowableCollector.java:73)
	at org.junit.jupiter.engine.descriptor.TestMethodTestDescriptor.invokeTestMethod(TestMethodTestDescriptor.java:214)
	at org.junit.jupiter.engine.descriptor.TestMethodTestDescriptor.execute(TestMethodTestDescriptor.java:139)
	at org.junit.jupiter.engine.descriptor.TestMethodTestDescriptor.execute(TestMethodTestDescriptor.java:69)
	at org.junit.platform.engine.support.hierarchical.NodeTestTask.lambda$executeRecursively$6(NodeTestTask.java:151)
	at org.junit.platform.engine.support.hierarchical.ThrowableCollector.execute(ThrowableCollector.java:73)
	at org.junit.platform.engine.support.hierarchical.NodeTestTask.lambda$executeRecursively$8(NodeTestTask.java:141)
	at org.junit.platform.engine.support.hierarchical.Node.around(Node.java:137)
	at org.junit.platform.engine.support.hierarchical.NodeTestTask.lambda$executeRecursively$9(NodeTestTask.java:139)
	at org.junit.platform.engine.support.hierarchical.ThrowableCollector.execute(ThrowableCollector.java:73)
	at org.junit.platform.engine.support.hierarchical.NodeTestTask.executeRecursively(NodeTestTask.java:138)
	at org.junit.platform.engine.support.hierarchical.NodeTestTask.execute(NodeTestTask.java:95)
	at java.base/java.util.ArrayList.forEach(ArrayList.java:1596)
	at org.junit.platform.engine.support.hierarchical.SameThreadHierarchicalTestExecutorService.invokeAll(SameThreadHierarchicalTestExecutorService.java:41)
	at org.junit.platform.engine.support.hierarchical.NodeTestTask.lambda$executeRecursively$6(NodeTestTask.java:155)
	at org.junit.platform.engine.support.hierarchical.ThrowableCollector.execute(ThrowableCollector.java:73)
	at org.junit.platform.engine.support.hierarchical.NodeTestTask.lambda$executeRecursively$8(NodeTestTask.java:141)
	at org.junit.platform.engine.support.hierarchical.Node.around(Node.java:137)
	at org.junit.platform.engine.support.hierarchical.NodeTestTask.lambda$executeRecursively$9(NodeTestTask.java:139)
	at org.junit.platform.engine.support.hierarchical.ThrowableCollector.execute(ThrowableCollector.java:73)
	at org.junit.platform.engine.support.hierarchical.NodeTestTask.executeRecursively(NodeTestTask.java:138)
	at org.junit.platform.engine.support.hierarchical.NodeTestTask.execute(NodeTestTask.java:95)
	at java.base/java.util.ArrayList.forEach(ArrayList.java:1596)
	at org.junit.platform.engine.support.hierarchical.SameThreadHierarchicalTestExecutorService.invokeAll(SameThreadHierarchicalTestExecutorService.java:41)
	at org.junit.platform.engine.support.hierarchical.NodeTestTask.lambda$executeRecursively$6(NodeTestTask.java:155)
	at org.junit.platform.engine.support.hierarchical.ThrowableCollector.execute(ThrowableCollector.java:73)
	at org.junit.platform.engine.support.hierarchical.NodeTestTask.lambda$executeRecursively$8(NodeTestTask.java:141)
	at org.junit.platform.engine.support.hierarchical.Node.around(Node.java:137)
	at org.junit.platform.engine.support.hierarchical.NodeTestTask.lambda$executeRecursively$9(NodeTestTask.java:139)
	at org.junit.platform.engine.support.hierarchical.ThrowableCollector.execute(ThrowableCollector.java:73)
	at org.junit.platform.engine.support.hierarchical.NodeTestTask.executeRecursively(NodeTestTask.java:138)
	at org.junit.platform.engine.support.hierarchical.NodeTestTask.execute(NodeTestTask.java:95)
	at org.junit.platform.engine.support.hierarchical.SameThreadHierarchicalTestExecutorService.submit(SameThreadHierarchicalTestExecutorService.java:35)
	at org.junit.platform.engine.support.hierarchical.HierarchicalTestExecutor.execute(HierarchicalTestExecutor.java:57)
	at org.junit.platform.engine.support.hierarchical.HierarchicalTestEngine.execute(HierarchicalTestEngine.java:54)
	at org.junit.platform.launcher.core.EngineExecutionOrchestrator.execute(EngineExecutionOrchestrator.java:198)
	at org.junit.platform.launcher.core.EngineExecutionOrchestrator.execute(EngineExecutionOrchestrator.java:169)
	at org.junit.platform.launcher.core.EngineExecutionOrchestrator.execute(EngineExecutionOrchestrator.java:93)
	at org.junit.platform.launcher.core.EngineExecutionOrchestrator.lambda$execute$0(EngineExecutionOrchestrator.java:58)
	at org.junit.platform.launcher.core.EngineExecutionOrchestrator.withInterceptedStreams(EngineExecutionOrchestrator.java:141)
	at org.junit.platform.launcher.core.EngineExecutionOrchestrator.execute(EngineExecutionOrchestrator.java:57)
	at org.junit.platform.launcher.core.DefaultLauncher.execute(DefaultLauncher.java:103)
	at org.junit.platform.launcher.core.DefaultLauncher.execute(DefaultLauncher.java:85)
	at org.junit.platform.launcher.core.DelegatingLauncher.execute(DelegatingLauncher.java:47)
	at org.apache.maven.surefire.junitplatform.LazyLauncher.execute(LazyLauncher.java:56)
	at org.apache.maven.surefire.junitplatform.JUnitPlatformProvider.execute(JUnitPlatformProvider.java:184)
	at org.apache.maven.surefire.junitplatform.JUnitPlatformProvider.invokeAllTests(JUnitPlatformProvider.java:148)
	at org.apache.maven.surefire.junitplatform.JUnitPlatformProvider.invoke(JUnitPlatformProvider.java:122)
	at org.apache.maven.surefire.booter.ForkedBooter.runSuitesInProcess(ForkedBooter.java:385)
	at org.apache.maven.surefire.booter.ForkedBooter.execute(ForkedBooter.java:162)
	at org.apache.maven.surefire.booter.ForkedBooter.run(ForkedBooter.java:507)
	at org.apache.maven.surefire.booter.ForkedBooter.main(ForkedBooter.java:495)
2026-05-15 16:20:49.813 INFO  [delivery-service] [background-preinit] o.h.validator.internal.util.Version - HV000001: Hibernate Validator 8.0.1.Final
2026-05-15 16:20:49.982 INFO  [delivery-service] [main] c.q.d.c.DeliveryControllerTest - Starting DeliveryControllerTest using Java 21.0.9 with PID 4724 (started by jhars in C:\quickbite\backend\delivery-service)
2026-05-15 16:20:49.983 INFO  [delivery-service] [main] c.q.d.c.DeliveryControllerTest - No active profile set, falling back to 1 default profile: "default"
2026-05-15 16:20:55.432 INFO  [delivery-service] [main] o.s.b.t.m.w.SpringBootMockServletContext - Initializing Spring TestDispatcherServlet ''
2026-05-15 16:20:55.432 INFO  [delivery-service] [main] o.s.t.w.s.TestDispatcherServlet - Initializing Servlet ''
2026-05-15 16:20:55.432 INFO  [delivery-service] [main] o.s.t.w.s.TestDispatcherServlet - Completed initialization in 0 ms
2026-05-15 16:20:55.499 INFO  [delivery-service] [main] c.q.d.c.DeliveryControllerTest - Started DeliveryControllerTest in 7.148 seconds (process running for 11.737)
2026-05-15 16:20:56.282 INFO  [delivery-service] [main] c.q.d.controller.DeliveryController - Delivery assignment publish request for orderReference=OD123
2026-05-15 16:20:56.315 INFO  [delivery-service] [main] c.q.d.controller.DeliveryController - Delivery agent registration request received for phone=9999988888
2026-05-15 16:20:56.379 INFO  [delivery-service] [main] c.q.d.r.DeliveryAgentRepository - Initialized delivery agent repository with no sample agents
2026-05-15 16:20:56.381 INFO  [delivery-service] [main] c.q.d.r.DeliveryAgentRepository - Creating delivery agent profile for phone=9999999995
2026-05-15 16:20:56.382 INFO  [delivery-service] [main] c.q.d.r.DeliveryAgentRepository - Creating assignment entry for orderReference=ORD-500 agentId=AGT1001
2026-05-15 16:20:56.384 INFO  [delivery-service] [main] c.q.d.r.DeliveryAgentRepository - Mark accepted in repository orderReference=ORD-500 agentId=AGT1001
2026-05-15 16:20:56.384 INFO  [delivery-service] [main] c.q.d.r.DeliveryAgentRepository - Mark picked-up in repository orderReference=ORD-500 agentId=AGT1001
2026-05-15 16:20:56.385 INFO  [delivery-service] [main] c.q.d.r.DeliveryAgentRepository - Mark delivered in repository orderReference=ORD-500 agentId=AGT1001
2026-05-15 16:20:56.392 INFO  [delivery-service] [main] c.q.d.r.DeliveryAgentRepository - Initialized delivery agent repository with no sample agents
2026-05-15 16:20:56.393 INFO  [delivery-service] [main] c.q.d.r.DeliveryAgentRepository - Creating delivery agent profile for phone=9999999992
2026-05-15 16:20:56.416 INFO  [delivery-service] [main] c.q.d.r.DeliveryAgentRepository - Initialized delivery agent repository with no sample agents
2026-05-15 16:20:56.416 INFO  [delivery-service] [main] c.q.d.r.DeliveryAgentRepository - Creating delivery agent profile for phone=9999999996
2026-05-15 16:20:56.416 INFO  [delivery-service] [main] c.q.d.r.DeliveryAgentRepository - Initialized delivery agent repository with no sample agents
2026-05-15 16:20:56.432 INFO  [delivery-service] [main] c.q.d.r.DeliveryAgentRepository - Creating delivery agent profile for phone=+91 99999 12345
2026-05-15 16:20:56.438 INFO  [delivery-service] [main] c.q.d.r.DeliveryAgentRepository - Initialized delivery agent repository with no sample agents
2026-05-15 16:20:56.441 INFO  [delivery-service] [main] c.q.d.r.DeliveryAgentRepository - Initialized delivery agent repository with no sample agents
2026-05-15 16:20:56.444 INFO  [delivery-service] [main] c.q.d.r.DeliveryAgentRepository - Creating delivery agent profile for phone=9999999991
2026-05-15 16:20:56.446 INFO  [delivery-service] [main] c.q.d.r.DeliveryAgentRepository - Initialized delivery agent repository with no sample agents
2026-05-15 16:20:56.448 INFO  [delivery-service] [main] c.q.d.r.DeliveryAgentRepository - Creating delivery agent profile for phone=9999999993
2026-05-15 16:20:56.452 INFO  [delivery-service] [main] c.q.d.r.DeliveryAgentRepository - Initialized delivery agent repository with no sample agents
2026-05-15 16:20:56.454 INFO  [delivery-service] [main] c.q.d.r.DeliveryAgentRepository - Creating delivery agent profile for phone=9999999994
2026-05-15 16:20:56.454 INFO  [delivery-service] [main] c.q.d.r.DeliveryAgentRepository - Creating assignment entry for orderReference=ORD-400 agentId=AGT1001
2026-05-15 16:20:56.454 INFO  [delivery-service] [main] c.q.d.r.DeliveryAgentRepository - Mark accepted in repository orderReference=ORD-400 agentId=AGT1001
2026-05-15 16:20:56.454 INFO  [delivery-service] [main] c.q.d.r.DeliveryAgentRepository - Mark picked-up in repository orderReference=ORD-400 agentId=AGT1001
2026-05-15 16:20:56.455 INFO  [delivery-service] [main] c.q.d.r.DeliveryAgentRepository - Mark delivered in repository orderReference=ORD-400 agentId=AGT1001
2026-05-15 16:20:56.456 INFO  [delivery-service] [main] c.q.d.r.DeliveryAgentRepository - Initialized delivery agent repository with no sample agents
2026-05-15 16:20:56.457 INFO  [delivery-service] [main] c.q.d.r.DeliveryAgentRepository - Creating delivery agent profile for phone=9999999990
2026-05-15 16:20:56.948 WARN  [delivery-service] [main] c.q.d.s.impl.DeliveryServiceImpl - Cannot resolve delivery agent profile because authenticated phone is blank
2026-05-15 16:20:56.965 INFO  [delivery-service] [main] c.q.d.s.impl.DeliveryServiceImpl - Creating delivery agent profile for authenticated phone=+91 9999900000
2026-05-15 16:20:56.982 INFO  [delivery-service] [main] c.q.d.s.impl.DeliveryServiceImpl - Publishing order for delivery assignment orderReference=OD123
2026-05-15 16:20:56.989 INFO  [delivery-service] [main] c.q.d.s.impl.DeliveryServiceImpl - Registering delivery agent for phone=  +91-9999988888  
2026-05-15 16:20:57.012 INFO  [delivery-service] [main] c.q.d.service.OrderEventConsumer - delivery-service consumed event=ORDER_CREATED orderReference=ORD-1 restaurant=R1
2026-05-15 16:20:57.014 WARN  [delivery-service] [main] c.q.d.service.OrderEventConsumer - delivery-service received a null order event
